Case #1: 7 3
Case #2: 8 1
Case #3: 9 5
Case #4: 0 0
Case #5: 7 0
Case #6: 5 4
Case #7: 0 0
Case #8: 0 0
Case #9: 0 0
Case #10: 2 2
Case #11: 0 0
Case #12: 8 3
Case #13: 4 0
Case #14: 8 2
Case #15: 10 10
Case #16: 0 0
Case #17: 2 1
Case #18: 2 2
Case #19: 0 0
Case #20: 6 3
Case #21: 6 2
Case #22: 7 2
Case #23: 0 0
Case #24: 9 3
Case #25: 2 0
Case #26: 9 2
Case #27: 2 0
Case #28: 4 4
Case #29: 8 3
Case #30: 0 0
Case #31: 4 1
Case #32: 3 1
Case #33: 8 3
Case #34: 3 1
Case #35: 0 0
Case #36: 0 0
Case #37: 10 3
Case #38: 6 2
Case #39: 5 2
Case #40: 1 1
Case #41: 8 4
Case #42: 10 10
Case #43: 8 5
Case #44: 10 10
Case #45: 6 2
Case #46: 8 2
Case #47: 0 0
Case #48: 8 3
Case #49: 2 2
Case #50: 0 0
